#
# There is insufficient memory for the Java Runtime Environment to continue.
# Native memory allocation (malloc) failed to allocate 378736 bytes for Chunk::new
# Possible reasons:
#   The system is out of physical RAM or swap space
#   In 32 bit mode, the process size limit was hit
# Possible solutions:
#   Reduce memory load on the system
#   Increase physical memory or swap space
#   Check if swap backing store is full
#   Use 64 bit Java on a 64 bit OS
#   Decrease Java heap size (-Xmx/-Xms)
#   Decrease number of Java threads
#   Decrease Java thread stack sizes (-Xss)
#   Set larger code cache with -XX:ReservedCodeCacheSize=
# This output file may be truncated or incomplete.
#
#  Out of Memory Error (allocation.cpp:323), pid=36388, tid=36336
#
# JRE version: Java(TM) SE Runtime Environment (7.0_80-b15) (build 1.7.0_80-b15)
# Java VM: Java HotSpot(TM) 64-Bit Server VM (24.80-b11 mixed mode windows-amd64 compressed oops)
# Failed to write core dump. Minidumps are not enabled by default on client versions of Windows
#

---------------  T H R E A D  ---------------

Current thread (0x000000000906b800):  JavaThread "C2 CompilerThread0" daemon [_thread_in_native, id=36336, stack(0x000000000a5d0000,0x000000000a6d0000)]

Stack: [0x000000000a5d0000,0x000000000a6d0000]

Current CompileTask:
C2:   3587  346   !         com.sun.org.apache.xerces.internal.impl.XMLDocumentFragmentScannerImpl$FragmentContentDriver::next (2345 bytes)


---------------  P R O C E S S  ---------------

Java Threads: ( => current thread )
  0x000000000c1ad000 JavaThread "File lock request listener" [_thread_in_native, id=34156, stack(0x000000000d0a0000,0x000000000d1a0000)]
  0x000000000bb9c800 JavaThread "Stdin handler" [_thread_blocked, id=36424, stack(0x000000000cfa0000,0x000000000d0a0000)]
  0x000000000b881000 JavaThread "Daemon worker" [_thread_in_native, id=36812, stack(0x000000000cea0000,0x000000000cfa0000)]
  0x000000000b214800 JavaThread "Cancel handler" [_thread_blocked, id=29416, stack(0x000000000cda0000,0x000000000cea0000)]
  0x000000000b9c5000 JavaThread "Handler for socket connection from /127.0.0.1:52818 to /127.0.0.1:52819" [_thread_in_native, id=34084, stack(0x000000000cca0000,0x000000000cda0000)]
  0x000000000b4ca800 JavaThread "Daemon" [_thread_blocked, id=36604, stack(0x000000000cba0000,0x000000000cca0000)]
  0x000000000b8e7800 JavaThread "Incoming local TCP Connector on port 52818" [_thread_in_native, id=36592, stack(0x000000000b5d0000,0x000000000b6d0000)]
  0x0000000009074800 JavaThread "Service Thread" daemon [_thread_blocked, id=33640, stack(0x000000000a7d0000,0x000000000a8d0000)]
  0x000000000906e000 JavaThread "C2 CompilerThread1" daemon [_thread_blocked, id=34848, stack(0x000000000a6d0000,0x000000000a7d0000)]
=>0x000000000906b800 JavaThread "C2 CompilerThread0" daemon [_thread_in_native, id=36336, stack(0x000000000a5d0000,0x000000000a6d0000)]
  0x000000000906a000 JavaThread "Attach Listener" daemon [_thread_blocked, id=27304, stack(0x000000000a4d0000,0x000000000a5d0000)]
  0x0000000009067000 JavaThread "Signal Dispatcher" daemon [_thread_blocked, id=36352, stack(0x000000000a3d0000,0x000000000a4d0000)]
  0x000000000902e800 JavaThread "Finalizer" daemon [_thread_blocked, id=26268, stack(0x000000000a2d0000,0x000000000a3d0000)]
  0x0000000009025000 JavaThread "Reference Handler" daemon [_thread_blocked, id=36856, stack(0x000000000a1d0000,0x000000000a2d0000)]
  0x0000000002b70800 JavaThread "main" [_thread_blocked, id=31308, stack(0x00000000029a0000,0x0000000002aa0000)]

Other Threads:
  0x0000000009021000 VMThread [stack: 0x000000000a0d0000,0x000000000a1d0000] [id=35280]
  0x0000000009086000 WatcherThread [stack: 0x000000000a8d0000,0x000000000a9d0000] [id=36572]

VM state:not at safepoint (normal execution)

VM Mutex/Monitor currently owned by a thread: None

Heap
 PSYoungGen      total 76800K, used 70729K [0x00000000eaa80000, 0x00000000f4080000, 0x0000000100000000)
  eden space 66048K, 90% used [0x00000000eaa80000,0x00000000ee512758,0x00000000eeb00000)
  from space 10752K, 99% used [0x00000000ef580000,0x00000000effffde0,0x00000000f0000000)
  to   space 10752K, 0% used [0x00000000eeb00000,0x00000000eeb00000,0x00000000ef580000)
 ParOldGen       total 174080K, used 1573K [0x00000000c0000000, 0x00000000caa00000, 0x00000000eaa80000)
  object space 174080K, 0% used [0x00000000c0000000,0x00000000c0189418,0x00000000caa00000)
 PSPermGen       total 26112K, used 25718K [0x00000000b0000000, 0x00000000b1980000, 0x00000000c0000000)
  object space 26112K, 98% used [0x00000000b0000000,0x00000000b191d9d8,0x00000000b1980000)

Card table byte_map: [0x0000000005c70000,0x0000000005f00000] byte_map_base: 0x00000000056f0000

Polling page: 0x0000000001130000

Code Cache  [0x0000000002c70000, 0x0000000002ee0000, 0x0000000005c70000)
 total_blobs=922 nmethods=348 adapters=526 free_code_cache=46812Kb largest_free_block=47903680

Compilation events (10 events):
Event: 3.560 Thread 0x000000000906e000 nmethod 353 0x0000000002eb4450 code [0x0000000002eb45c0, 0x0000000002eb4798]
Event: 3.560 Thread 0x000000000906e000  355             com.sun.org.apache.xerces.internal.xni.XMLString::setValues (16 bytes)
Event: 3.560 Thread 0x000000000906e000 nmethod 355 0x0000000002eb0790 code [0x0000000002eb08c0, 0x0000000002eb0938]
Event: 3.560 Thread 0x000000000906e000  356 %           java.net.URI::quote @ 27 (208 bytes)
Event: 3.568 Thread 0x000000000906e000 nmethod 356% 0x0000000002eb3190 code [0x0000000002eb3360, 0x0000000002eb3bb0]
Event: 3.568 Thread 0x000000000906e000  357             java.util.Hashtable::rehash (168 bytes)
Event: 3.570 Thread 0x000000000906e000 nmethod 357 0x0000000002eb98d0 code [0x0000000002eb9a60, 0x0000000002eb9d98]
Event: 3.571 Thread 0x000000000906e000  358             java.net.URI::quote (208 bytes)
Event: 3.578 Thread 0x000000000906e000 nmethod 358 0x0000000002eb8690 code [0x0000000002eb8860, 0x0000000002eb9010]
Event: 3.584 Thread 0x000000000906e000  359             java.util.LinkedHashMap$LinkedHashIterator::nextEntry (64 bytes)

GC Heap History (4 events):
Event: 1.375 GC heap before
{Heap before GC invocations=1 (full 0):
 PSYoungGen      total 76800K, used 66048K [0x00000000eaa80000, 0x00000000f0000000, 0x0000000100000000)
  eden space 66048K, 100% used [0x00000000eaa80000,0x00000000eeb00000,0x00000000eeb00000)
  from space 10752K, 0% used [0x00000000ef580000,0x00000000ef580000,0x00000000f0000000)
  to   space 10752K, 0% used [0x00000000eeb00000,0x00000000eeb00000,0x00000000ef580000)
 ParOldGen       total 174080K, used 0K [0x00000000c0000000, 0x00000000caa00000, 0x00000000eaa80000)
  object space 174080K, 0% used [0x00000000c0000000,0x00000000c0000000,0x00000000caa00000)
 PSPermGen       total 21504K, used 11654K [0x00000000b0000000, 0x00000000b1500000, 0x00000000c0000000)
  object space 21504K, 54% used [0x00000000b0000000,0x00000000b0b618f0,0x00000000b1500000)
Event: 1.388 GC heap after
Heap after GC invocations=1 (full 0):
 PSYoungGen      total 76800K, used 8515K [0x00000000eaa80000, 0x00000000f0000000, 0x0000000100000000)
  eden space 66048K, 0% used [0x00000000eaa80000,0x00000000eaa80000,0x00000000eeb00000)
  from space 10752K, 79% used [0x00000000eeb00000,0x00000000ef350da0,0x00000000ef580000)
  to   space 10752K, 0% used [0x00000000ef580000,0x00000000ef580000,0x00000000f0000000)
 ParOldGen       total 174080K, used 8K [0x00000000c0000000, 0x00000000caa00000, 0x00000000eaa80000)
  object space 174080K, 0% used [0x00000000c0000000,0x00000000c0002000,0x00000000caa00000)
 PSPermGen       total 21504K, used 11654K [0x00000000b0000000, 0x00000000b1500000, 0x00000000c0000000)
  object space 21504K, 54% used [0x00000000b0000000,0x00000000b0b618f0,0x00000000b1500000)
}
Event: 2.561 GC heap before
{Heap before GC invocations=2 (full 0):
 PSYoungGen      total 76800K, used 74563K [0x00000000eaa80000, 0x00000000f0000000, 0x0000000100000000)
  eden space 66048K, 100% used [0x00000000eaa80000,0x00000000eeb00000,0x00000000eeb00000)
  from space 10752K, 79% used [0x00000000eeb00000,0x00000000ef350da0,0x00000000ef580000)
  to   space 10752K, 0% used [0x00000000ef580000,0x00000000ef580000,0x00000000f0000000)
 ParOldGen       total 174080K, used 8K [0x00000000c0000000, 0x00000000caa00000, 0x00000000eaa80000)
  object space 174080K, 0% used [0x00000000c0000000,0x00000000c0002000,0x00000000caa00000)
 PSPermGen       total 21504K, used 20360K [0x00000000b0000000, 0x00000000b1500000, 0x00000000c0000000)
  object space 21504K, 94% used [0x00000000b0000000,0x00000000b13e2238,0x00000000b1500000)
Event: 2.578 GC heap after
Heap after GC invocations=2 (full 0):
 PSYoungGen      total 76800K, used 10751K [0x00000000eaa80000, 0x00000000f4080000, 0x0000000100000000)
  eden space 66048K, 0% used [0x00000000eaa80000,0x00000000eaa80000,0x00000000eeb00000)
  from space 10752K, 99% used [0x00000000ef580000,0x00000000effffde0,0x00000000f0000000)
  to   space 10752K, 0% used [0x00000000eeb00000,0x00000000eeb00000,0x00000000ef580000)
 ParOldGen       total 174080K, used 1573K [0x00000000c0000000, 0x00000000caa00000, 0x00000000eaa80000)
  object space 174080K, 0% used [0x00000000c0000000,0x00000000c0189418,0x00000000caa00000)
 PSPermGen       total 21504K, used 20360K [0x00000000b0000000, 0x00000000b1500000, 0x00000000c0000000)
  object space 21504K, 94% used [0x00000000b0000000,0x00000000b13e2238,0x00000000b1500000)
}

Deoptimization events (10 events):
Event: 2.196 Thread 0x000000000b881000 Uncommon trap: reason=unstable_if action=reinterpret pc=0x0000000002d132f0 method=java.util.HashMap.get(Ljava/lang/Object;)Ljava/lang/Object; @ 1
Event: 2.610 Thread 0x000000000b881000 Uncommon trap: reason=unstable_if action=reinterpret pc=0x0000000002e7d694 method=java.lang.ref.ReferenceQueue.poll()Ljava/lang/ref/Reference; @ 4
Event: 2.610 Thread 0x000000000b881000 Uncommon trap: reason=unstable_if action=reinterpret pc=0x0000000002e7d444 method=java.lang.ref.ReferenceQueue.poll()Ljava/lang/ref/Reference; @ 4
Event: 2.978 Thread 0x000000000b881000 Uncommon trap: reason=null_check action=make_not_entrant pc=0x0000000002d1f314 method=groovy.lang.MetaClassImpl.createMetaBeanProperty(Lorg/codehaus/groovy/util/SingleKeyHashMap;Ljava/lang/String;ZLgroovy/lang/MetaMethod;)V @ 5
Event: 3.172 Thread 0x000000000b881000 Uncommon trap: reason=unstable_if action=reinterpret pc=0x0000000002ce20d8 method=java.net.URI.match(CJJ)Z @ 45
Event: 3.237 Thread 0x000000000b881000 Uncommon trap: reason=unstable_if action=reinterpret pc=0x0000000002e6e4d4 method=sun.misc.MetaIndex.mayContain(Ljava/lang/String;)Z @ 38
Event: 3.321 Thread 0x000000000b881000 Uncommon trap: reason=unstable_if action=reinterpret pc=0x0000000002d66274 method=sun.misc.MetaIndex.mayContain(Ljava/lang/String;)Z @ 38
Event: 3.340 Thread 0x000000000b881000 Uncommon trap: reason=unstable_if action=reinterpret pc=0x0000000002cf0894 method=sun.misc.MetaIndex.mayContain(Ljava/lang/String;)Z @ 38
Event: 3.346 Thread 0x000000000b881000 Uncommon trap: reason=null_check action=make_not_entrant pc=0x0000000002d07c24 method=com.sun.org.apache.xerces.internal.dom.DeferredDocumentImpl.clearChunkValue([[Ljava/lang/Object;II)Ljava/lang/String; @ 11
Event: 3.389 Thread 0x000000000b881000 Uncommon trap: reason=unstable_if action=reinterpret pc=0x0000000002d17734 method=com.sun.org.apache.xerces.internal.impl.XMLEntityScanner.scanContent(Lcom/sun/org/apache/xerces/internal/xni/XMLString;)I @ 481

Internal exceptions (10 events):
Event: 3.396 Thread 0x000000000b881000 Threw 0x00000000edd138f8 at C:\re\jdk7u80\2329\hotspot\src\share\vm\prims\jvm.cpp:1319
Event: 3.396 Thread 0x000000000b881000 Threw 0x00000000edd183a0 at C:\re\jdk7u80\2329\hotspot\src\share\vm\prims\jvm.cpp:1319
Event: 3.396 Thread 0x000000000b881000 Threw 0x00000000edd191a8 at C:\re\jdk7u80\2329\hotspot\src\share\vm\prims\jvm.cpp:1319
Event: 3.396 Thread 0x000000000b881000 Threw 0x00000000edd1fd30 at C:\re\jdk7u80\2329\hotspot\src\share\vm\prims\jvm.cpp:1319
Event: 3.397 Thread 0x000000000b881000 Threw 0x00000000edd23fd0 at C:\re\jdk7u80\2329\hotspot\src\share\vm\prims\jvm.cpp:1319
Event: 3.397 Thread 0x000000000b881000 Threw 0x00000000edd24cb0 at C:\re\jdk7u80\2329\hotspot\src\share\vm\prims\jvm.cpp:1319
Event: 3.397 Thread 0x000000000b881000 Threw 0x00000000edd2a350 at C:\re\jdk7u80\2329\hotspot\src\share\vm\prims\jvm.cpp:1319
Event: 3.397 Thread 0x000000000b881000 Threw 0x00000000edd2f090 at C:\re\jdk7u80\2329\hotspot\src\share\vm\prims\jvm.cpp:1319
Event: 3.398 Thread 0x000000000b881000 Threw 0x00000000edd30170 at C:\re\jdk7u80\2329\hotspot\src\share\vm\prims\jvm.cpp:1319
Event: 3.398 Thread 0x000000000b881000 Threw 0x00000000edd38de8 at C:\re\jdk7u80\2329\hotspot\src\share\vm\prims\jvm.cpp:1319

Events (10 events):
Event: 3.395 loading class 0x000000000b9d3b80
Event: 3.395 loading class 0x000000000b9d3b80 done
Event: 3.396 loading class 0x000000000c1197c0
Event: 3.396 loading class 0x000000000c1197c0 done
Event: 3.396 loading class 0x000000000c2ea3f0
Event: 3.396 loading class 0x000000000c2ea3f0 done
Event: 3.396 loading class 0x000000000c3f6d10
Event: 3.396 loading class 0x000000000c3f6d10 done
Event: 3.397 loading class 0x000000000c119540
Event: 3.397 loading class 0x000000000c119540 done


Dynamic libraries:
0x00007ff672230000 - 0x00007ff672263000 	C:\Program Files\Java\jdk1.7.0_80\bin\java.exe
0x00007ff8cafb0000 - 0x00007ff8cb171000 	C:\Windows\SYSTEM32\ntdll.dll
0x00007ff8ca660000 - 0x00007ff8ca70d000 	C:\Windows\system32\KERNEL32.DLL
0x00007ff8c7e80000 - 0x00007ff8c8068000 	C:\Windows\system32\KERNELBASE.dll
0x00007ff8caa60000 - 0x00007ff8cab07000 	C:\Windows\system32\ADVAPI32.dll
0x00007ff8c8d80000 - 0x00007ff8c8e1d000 	C:\Windows\system32\msvcrt.dll
0x00007ff8cae80000 - 0x00007ff8caedb000 	C:\Windows\system32\sechost.dll
0x00007ff8c8500000 - 0x00007ff8c861c000 	C:\Windows\system32\RPCRT4.dll
0x00007ff8c8620000 - 0x00007ff8c8776000 	C:\Windows\system32\USER32.dll
0x00007ff8ca8d0000 - 0x00007ff8caa56000 	C:\Windows\system32\GDI32.dll
0x00007ff8c1ca0000 - 0x00007ff8c1f14000 	C:\Windows\WinSxS\amd64_microsoft.windows.common-controls_6595b64144ccf1df_6.0.10586.494_none_a2d8b04ea53e3145\COMCTL32.dll
0x00007ff8cab10000 - 0x00007ff8cad8d000 	C:\Windows\system32\combase.dll
0x00007ff8c7dc0000 - 0x00007ff8c7e2a000 	C:\Windows\system32\bcryptPrimitives.dll
0x00007ff8c8d40000 - 0x00007ff8c8d7b000 	C:\Windows\system32\IMM32.DLL
0x0000000057400000 - 0x00000000574d2000 	C:\Program Files\Java\jdk1.7.0_80\jre\bin\msvcr100.dll
0x00000000596f0000 - 0x0000000059ec9000 	C:\Program Files\Java\jdk1.7.0_80\jre\bin\server\jvm.dll
0x00007ff8cad90000 - 0x00007ff8cad98000 	C:\Windows\system32\PSAPI.DLL
0x00007ff8b85f0000 - 0x00007ff8b85f9000 	C:\Windows\SYSTEM32\WSOCK32.dll
0x00007ff8c5bf0000 - 0x00007ff8c5c13000 	C:\Windows\SYSTEM32\WINMM.dll
0x00007ff8c5b90000 - 0x00007ff8c5bbc000 	C:\Windows\SYSTEM32\WINMMBASE.dll
0x00007ff8c7e30000 - 0x00007ff8c7e73000 	C:\Windows\system32\cfgmgr32.dll
0x00007ff8cada0000 - 0x00007ff8cae0b000 	C:\Windows\system32\WS2_32.dll
0x00000000596e0000 - 0x00000000596ef000 	C:\Program Files\Java\jdk1.7.0_80\jre\bin\verify.dll
0x00000000596b0000 - 0x00000000596d8000 	C:\Program Files\Java\jdk1.7.0_80\jre\bin\java.dll
0x0000000059690000 - 0x00000000596a6000 	C:\Program Files\Java\jdk1.7.0_80\jre\bin\zip.dll
0x0000000059670000 - 0x000000005968a000 	C:\Program Files\Java\jdk1.7.0_80\jre\bin\net.dll
0x00007ff8c6f00000 - 0x00007ff8c6f5c000 	C:\Windows\system32\mswsock.dll
0x0000000059650000 - 0x0000000059661000 	C:\Program Files\Java\jdk1.7.0_80\jre\bin\nio.dll
0x00007ff8b9330000 - 0x00007ff8b9342000 	C:\Users\Pat\.gradle\native\19\windows-amd64\native-platform.dll
0x00007ff8ca600000 - 0x00007ff8ca652000 	C:\Windows\system32\SHLWAPI.dll
0x00007ff8c4150000 - 0x00007ff8c4188000 	C:\Windows\SYSTEM32\IPHLPAPI.DLL
0x00007ff8caef0000 - 0x00007ff8caef8000 	C:\Windows\system32\NSI.dll
0x00007ff8c01f0000 - 0x00007ff8c0206000 	C:\Windows\SYSTEM32\dhcpcsvc6.DLL
0x00007ff8c01d0000 - 0x00007ff8c01ea000 	C:\Windows\SYSTEM32\dhcpcsvc.DLL
0x00007ff8c6fb0000 - 0x00007ff8c6fc7000 	C:\Windows\SYSTEM32\CRYPTSP.dll
0x00007ff8c6c40000 - 0x00007ff8c6c74000 	C:\Windows\system32\rsaenh.dll
0x00007ff8c71d0000 - 0x00007ff8c71f9000 	C:\Windows\SYSTEM32\bcrypt.dll
0x00007ff8c6d90000 - 0x00007ff8c6daf000 	C:\Windows\SYSTEM32\USERENV.dll
0x00007ff8c75f0000 - 0x00007ff8c7604000 	C:\Windows\system32\profapi.dll
0x00007ff8c70d0000 - 0x00007ff8c70db000 	C:\Windows\SYSTEM32\CRYPTBASE.dll

VM Arguments:
jvm_args: -XX:MaxPermSize=256m -XX:+HeapDumpOnOutOfMemoryError -Xmx1024m -Dfile.encoding=windows-1252 -Duser.country=US -Duser.language=en -Duser.variant 
java_command: org.gradle.launcher.daemon.bootstrap.GradleDaemon 2.10
Launcher Type: SUN_STANDARD

Environment Variables:
PATH=C:\Windows\system32;C:\Windows;C:\Windows\System32\Wbem;C:\Windows\System32\WindowsPowerShell\v1.0\;C:\Program Files (x86)\NVIDIA Corporation\PhysX\Common;C:\Windows\system32\config\systemprofile\.dnx\bin;C:\Program Files\Microsoft DNX\Dnvm\;C:\Program Files (x86)\Windows Kits\8.1\Windows Performance Toolkit\;C:\Program Files\Microsoft SQL Server\130\Tools\Binn\;H:\Users\tmp\AppData\Local\Programs\Python\Python35-32\Scripts\;H:\Users\tmp\AppData\Local\Programs\Python\Python35-32\
USERNAME=Pat
OS=Windows_NT
PROCESSOR_IDENTIFIER=Intel64 Family 6 Model 94 Stepping 3, GenuineIntel



---------------  S Y S T E M  ---------------

OS: Windows 8.1 , 64 bit Build 9600 

CPU:total 4 (4 cores per cpu, 1 threads per core) family 6 model 94 stepping 3, cmov, cx8, fxsr, mmx, sse, sse2, sse3, ssse3, sse4.1, sse4.2, popcnt, avx, avx2, aes, erms, tsc, tscinvbit

Memory: 4k page, physical 16725772k(4219204k free), swap 20911400k(5464k free)

vm_info: Java HotSpot(TM) 64-Bit Server VM (24.80-b11) for windows-amd64 JRE (1.7.0_80-b15), built on Apr 10 2015 11:26:34 by "java_re" with unknown MS VC++:1600

time: Mon Aug 01 19:04:39 2016
elapsed time: 3 seconds

